Release 13.4 - xst O.87xd (lin64)
Copyright (c) 1995-2011 Xilinx, Inc.  All rights reserved.
--> 
Parameter TMPDIR set to xst/projnav.tmp


Total REAL time to Xst completion: 0.00 secs
Total CPU time to Xst completion: 0.03 secs
 
--> 
Parameter xsthdpdir set to xst


Total REAL time to Xst completion: 0.00 secs
Total CPU time to Xst completion: 0.03 secs
 
--> 
Reading design: vga_controller.prj

TABLE OF CONTENTS
  1) Synthesis Options Summary
  2) HDL Compilation
  3) Design Hierarchy Analysis
  4) HDL Analysis
  5) HDL Synthesis
     5.1) HDL Synthesis Report
  6) Advanced HDL Synthesis
     6.1) Advanced HDL Synthesis Report
  7) Low Level Synthesis
  8) Partition Report
  9) Final Report
	9.1) Device utilization summary
	9.2) Partition Resource Summary
	9.3) TIMING REPORT


=========================================================================
*                      Synthesis Options Summary                        *
=========================================================================
---- Source Parameters
Input File Name                    : "vga_controller.prj"
Input Format                       : mixed
Ignore Synthesis Constraint File   : NO

---- Target Parameters
Output File Name                   : "vga_controller"
Output Format                      : NGC
Target Device                      : xc3s500e-5-fg320

---- Source Options
Top Module Name                    : vga_controller
Automatic FSM Extraction           : YES
FSM Encoding Algorithm             : Auto
Safe Implementation                : No
FSM Style                          : LUT
RAM Extraction                     : Yes
RAM Style                          : Auto
ROM Extraction                     : Yes
Mux Style                          : Auto
Decoder Extraction                 : YES
Priority Encoder Extraction        : Yes
Shift Register Extraction          : YES
Logical Shifter Extraction         : YES
XOR Collapsing                     : YES
ROM Style                          : Auto
Mux Extraction                     : Yes
Resource Sharing                   : YES
Asynchronous To Synchronous        : NO
Multiplier Style                   : Auto
Automatic Register Balancing       : No

---- Target Options
Add IO Buffers                     : YES
Global Maximum Fanout              : 100000
Add Generic Clock Buffer(BUFG)     : 24
Register Duplication               : YES
Slice Packing                      : YES
Optimize Instantiated Primitives   : NO
Use Clock Enable                   : Yes
Use Synchronous Set                : Yes
Use Synchronous Reset              : Yes
Pack IO Registers into IOBs        : Auto
Equivalent register Removal        : YES

---- General Options
Optimization Goal                  : Speed
Optimization Effort                : 1
Keep Hierarchy                     : No
Netlist Hierarchy                  : As_Optimized
RTL Output                         : Yes
Global Optimization                : AllClockNets
Read Cores                         : YES
Write Timing Constraints           : NO
Cross Clock Analysis               : NO
Hierarchy Separator                : /
Bus Delimiter                      : <>
Case Specifier                     : Maintain
Slice Utilization Ratio            : 100
BRAM Utilization Ratio             : 100
Verilog 2001                       : YES
Auto BRAM Packing                  : NO
Slice Utilization Ratio Delta      : 5

=========================================================================


=========================================================================
*                          HDL Compilation                              *
=========================================================================
Compiling vhdl file "/home/student1/mbverdaw/COE758/Project2/vga_controller.vhd" in Library work.
Entity <vga_controller> compiled.
Entity <vga_controller> (Architecture <behavior>) compiled.

=========================================================================
*                     Design Hierarchy Analysis                         *
=========================================================================
Analyzing hierarchy for entity <vga_controller> in library <work> (architecture <behavior>).


=========================================================================
*                            HDL Analysis                               *
=========================================================================
Analyzing Entity <vga_controller> in library <work> (Architecture <behavior>).
Entity <vga_controller> analyzed. Unit <vga_controller> generated.


=========================================================================
*                           HDL Synthesis                               *
=========================================================================

Performing bidirectional port resolution...

Synthesizing Unit <vga_controller>.
    Related source file is "/home/student1/mbverdaw/COE758/Project2/vga_controller.vhd".
    Found finite state machine <FSM_0> for signal <state>.
    -----------------------------------------------------------------------
    | States             | 3                                              |
    | Transitions        | 17                                             |
    | Inputs             | 6                                              |
    | Outputs            | 4                                              |
    | Clock              | mechanics_signal          (rising_edge)        |
    | Clock enable       | state$not0000             (positive)           |
    | Power Up State     | 00000000000000000000000000000000               |
    | Encoding           | automatic                                      |
    | Implementation     | LUT                                            |
    -----------------------------------------------------------------------
    Using one-hot encoding for signal <ball_color>.
    Found 32-bit adder for signal <$add0000>.
    Found 32-bit adder for signal <b$add0000> created at line 478.
    Found 32-bit adder for signal <b$add0001> created at line 480.
    Found 32-bit adder for signal <b$add0002> created at line 470.
    Found 32-bit adder for signal <b$add0003> created at line 459.
    Found 32-bit comparator greater for signal <b$cmp_gt0000> created at line 434.
    Found 32-bit comparator less for signal <b$cmp_lt0000> created at line 434.
    Found 3-bit register for signal <ball_color>.
    Found 32-bit register for signal <ball_x>.
    Found 32-bit addsub for signal <ball_x$mux0000> created at line 378.
    Found 32-bit register for signal <ball_y>.
    Found 32-bit addsub for signal <ball_y$mux0000> created at line 384.
    Found 1-bit register for signal <direction_x>.
    Found 32-bit adder for signal <direction_x$add0000> created at line 369.
    Found 32-bit adder for signal <direction_x$add0001> created at line 368.
    Found 32-bit adder for signal <direction_x$add0002> created at line 360.
    Found 32-bit subtractor for signal <direction_x$addsub0000> created at line 369.
    Found 32-bit subtractor for signal <direction_x$addsub0001> created at line 360.
    Found 32-bit comparator greatequal for signal <direction_x$cmp_ge0000> created at line 346.
    Found 32-bit comparator greatequal for signal <direction_x$cmp_ge0001> created at line 369.
    Found 32-bit comparator greatequal for signal <direction_x$cmp_ge0002> created at line 360.
    Found 32-bit comparator greatequal for signal <direction_x$cmp_ge0003> created at line 359.
    Found 32-bit comparator greater for signal <direction_x$cmp_gt0000> created at line 368.
    Found 32-bit comparator greater for signal <direction_x$cmp_gt0001> created at line 369.
    Found 32-bit comparator greater for signal <direction_x$cmp_gt0002> created at line 360.
    Found 32-bit comparator lessequal for signal <direction_x$cmp_le0000> created at line 335.
    Found 32-bit comparator lessequal for signal <direction_x$cmp_le0001> created at line 369.
    Found 32-bit comparator lessequal for signal <direction_x$cmp_le0002> created at line 368.
    Found 32-bit comparator lessequal for signal <direction_x$cmp_le0003> created at line 360.
    Found 32-bit comparator less for signal <direction_x$cmp_lt0000> created at line 359.
    Found 32-bit comparator less for signal <direction_x$cmp_lt0001> created at line 346.
    Found 32-bit comparator less for signal <direction_x$cmp_lt0002> created at line 369.
    Found 32-bit comparator less for signal <direction_x$cmp_lt0003> created at line 360.
    Found 32-bit subtractor for signal <direction_x$sub0000> created at line 369.
    Found 32-bit subtractor for signal <direction_x$sub0001> created at line 360.
    Found 32-bit subtractor for signal <direction_x$sub0002> created at line 359.
    Found 1-bit register for signal <direction_y>.
    Found 32-bit comparator greatequal for signal <direction_y$cmp_ge0000> created at line 352.
    Found 32-bit comparator lessequal for signal <direction_y$cmp_le0000> created at line 341.
    Found 32-bit comparator less for signal <direction_y$cmp_lt0000> created at line 352.
    Found 32-bit comparator greater for signal <g$cmp_gt0000> created at line 419.
    Found 32-bit comparator greater for signal <g$cmp_gt0001> created at line 421.
    Found 32-bit comparator greater for signal <g$cmp_gt0002> created at line 430.
    Found 32-bit comparator greater for signal <g$cmp_gt0003> created at line 432.
    Found 32-bit comparator greater for signal <g$cmp_gt0004> created at line 440.
    Found 32-bit comparator less for signal <g$cmp_lt0000> created at line 419.
    Found 32-bit comparator less for signal <g$cmp_lt0001> created at line 421.
    Found 32-bit comparator less for signal <g$cmp_lt0002> created at line 430.
    Found 32-bit comparator less for signal <g$cmp_lt0003> created at line 432.
    Found 32-bit comparator less for signal <g$cmp_lt0004> created at line 440.
    Found 32-bit comparator less for signal <g$cmp_lt0005> created at line 441.
    Found 1-bit register for signal <hactive>.
    Found 32-bit comparator greater for signal <hactive$cmp_gt0000> created at line 176.
    Found 32-bit comparator less for signal <hactive$cmp_lt0000> created at line 176.
    Found 1-bit register for signal <hsync>.
    Found 32-bit comparator less for signal <hsync$cmp_lt0000> created at line 169.
    Found 32-bit up counter for signal <lost_counter>.
    Found 32-bit up counter for signal <mechanics_counter>.
    Found 1-bit register for signal <mechanics_signal>.
    Found 32-bit adder for signal <mux0000$addsub0000>.
    Found 32-bit register for signal <p1>.
    Found 32-bit addsub for signal <p1$addsub0000>.
    Found 32-bit comparator greatequal for signal <p1$cmp_ge0000> created at line 284.
    Found 32-bit comparator greater for signal <p1$cmp_gt0000> created at line 292.
    Found 32-bit comparator lessequal for signal <p1$cmp_le0000> created at line 292.
    Found 32-bit comparator less for signal <p1$cmp_lt0000> created at line 284.
    Found 32-bit register for signal <p2>.
    Found 32-bit addsub for signal <p2$addsub0000>.
    Found 32-bit comparator greatequal for signal <p2$cmp_ge0000> created at line 288.
    Found 32-bit comparator greater for signal <p2$cmp_gt0000> created at line 296.
    Found 32-bit comparator lessequal for signal <p2$cmp_le0000> created at line 296.
    Found 32-bit comparator less for signal <p2$cmp_lt0000> created at line 288.
    Found 1-bit register for signal <pxl_clk>.
    Found 32-bit adder for signal <r$add0000> created at line 470.
    Found 32-bit adder for signal <r$add0001> created at line 459.
    Found 32-bit adder for signal <r$add0002> created at line 478.
    Found 32-bit adder for signal <r$add0003> created at line 480.
    Found 32-bit subtractor for signal <r$addsub0000> created at line 470.
    Found 32-bit subtractor for signal <r$addsub0001> created at line 459.
    Found 32-bit subtractor for signal <r$addsub0002> created at line 478.
    Found 32-bit subtractor for signal <r$addsub0003> created at line 480.
    Found 32-bit comparator greater for signal <r$cmp_gt0000> created at line 467.
    Found 32-bit comparator greater for signal <r$cmp_gt0001> created at line 470.
    Found 32-bit comparator greater for signal <r$cmp_gt0002> created at line 456.
    Found 32-bit comparator greater for signal <r$cmp_gt0003> created at line 459.
    Found 32-bit comparator greater for signal <r$cmp_gt0004> created at line 478.
    Found 32-bit comparator greater for signal <r$cmp_gt0005> created at line 480.
    Found 32-bit comparator less for signal <r$cmp_lt0000> created at line 467.
    Found 32-bit comparator less for signal <r$cmp_lt0001> created at line 470.
    Found 32-bit comparator less for signal <r$cmp_lt0002> created at line 456.
    Found 32-bit comparator less for signal <r$cmp_lt0003> created at line 459.
    Found 32-bit comparator less for signal <r$cmp_lt0004> created at line 478.
    Found 32-bit comparator less for signal <r$cmp_lt0005> created at line 480.
    Found 32-bit subtractor for signal <r$sub0000> created at line 470.
    Found 32-bit subtractor for signal <r$sub0001> created at line 459.
    Found 32-bit subtractor for signal <r$sub0002> created at line 478.
    Found 32-bit subtractor for signal <r$sub0003> created at line 480.
    Found 32-bit up counter for signal <random>.
    Found 32-bit up counter for signal <reset_counter>.
    Found 32-bit adder for signal <state$add0000> created at line 317.
    Found 32-bit comparator greatequal for signal <state$cmp_ge0000> created at line 319.
    Found 32-bit comparator greatequal for signal <state$cmp_ge0001> created at line 317.
    Found 32-bit comparator greater for signal <state$cmp_gt0000> created at line 325.
    Found 32-bit comparator greater for signal <state$cmp_gt0001> created at line 317.
    Found 32-bit comparator lessequal for signal <state$cmp_le0000> created at line 325.
    Found 32-bit comparator lessequal for signal <state$cmp_le0001> created at line 317.
    Found 32-bit comparator less for signal <state$cmp_lt0000> created at line 319.
    Found 32-bit comparator less for signal <state$cmp_lt0001> created at line 317.
    Found 32-bit subtractor for signal <state$sub0000> created at line 317.
    Found 1-bit register for signal <vactive>.
    Found 32-bit comparator greater for signal <vactive$cmp_gt0000> created at line 203.
    Found 32-bit comparator less for signal <vactive$cmp_lt0000> created at line 203.
    Found 1-bit register for signal <vsync>.
    Found 32-bit comparator less for signal <vsync$cmp_lt0000> created at line 196.
    Found 32-bit up counter for signal <xcnt>.
    Found 32-bit comparator greater for signal <xcnt$cmp_gt0000> created at line 164.
    Found 32-bit up counter for signal <ycnt>.
    Found 32-bit comparator greater for signal <ycnt$cmp_gt0000> created at line 191.
    Summary:
	inferred   1 Finite State Machine(s).
	inferred   6 Counter(s).
	inferred 139 D-type flip-flop(s).
	inferred  32 Adder/Subtractor(s).
	inferred  67 Comparator(s).
Unit <vga_controller> synthesized.

INFO:Xst:1767 - HDL ADVISOR - Resource sharing has identified that some arithmetic operations in this design can share the same physical resources for reduced device utilization. For improved clock frequency you may try to disable resource sharing.

=========================================================================
HDL Synthesis Report

Macro Statistics
# Adders/Subtractors                                   : 32
 32-bit adder                                          : 14
 32-bit addsub                                         : 4
 32-bit subtractor                                     : 14
# Counters                                             : 6
 32-bit up counter                                     : 6
# Registers                                            : 13
 1-bit register                                        : 8
 3-bit register                                        : 1
 32-bit register                                       : 4
# Comparators                                          : 67
 32-bit comparator greatequal                          : 9
 32-bit comparator greater                             : 23
 32-bit comparator less                                : 26
 32-bit comparator lessequal                           : 9

=========================================================================

=========================================================================
*                       Advanced HDL Synthesis                          *
=========================================================================

Analyzing FSM <FSM_0> for best encoding.
Optimizing FSM <state/FSM> on signal <state[1:2]> with gray encoding.
----------------------------------------------
 State                            | Encoding
----------------------------------------------
 00000000000000000000000000000000 | 00
 00000000000000000000000000000001 | 01
 00000000000000000000000000000010 | 11
----------------------------------------------
WARNING:Xst:2677 - Node <ball_color_2> of sequential type is unconnected in block <vga_controller>.
WARNING:Xst:2677 - Node <ball_color_2> of sequential type is unconnected in block <vga_controller>.

=========================================================================
Advanced HDL Synthesis Report

Macro Statistics
# FSMs                                                 : 1
# Adders/Subtractors                                   : 26
 32-bit adder                                          : 13
 32-bit addsub                                         : 4
 32-bit subtractor                                     : 2
 32-bit subtractor borrow in                           : 6
 6-bit adder                                           : 1
# Counters                                             : 6
 32-bit up counter                                     : 6
# Registers                                            : 138
 Flip-Flops                                            : 138
# Comparators                                          : 67
 32-bit comparator greatequal                          : 9
 32-bit comparator greater                             : 23
 32-bit comparator less                                : 26
 32-bit comparator lessequal                           : 9

=========================================================================

=========================================================================
*                         Low Level Synthesis                           *
=========================================================================

Optimizing unit <vga_controller> ...

Mapping all equations...
Building and optimizing final netlist ...
Found area constraint ratio of 100 (+ 5) on block vga_controller, actual ratio is 22.

Final Macro Processing ...

=========================================================================
Final Register Report

Macro Statistics
# Registers                                            : 332
 Flip-Flops                                            : 332

=========================================================================

=========================================================================
*                           Partition Report                            *
=========================================================================

Partition Implementation Status
-------------------------------

  No Partitions were found in this design.

-------------------------------

=========================================================================
*                            Final Report                               *
=========================================================================
Final Results
RTL Top Level Output File Name     : vga_controller.ngr
Top Level Output File Name         : vga_controller
Output Format                      : NGC
Optimization Goal                  : Speed
Keep Hierarchy                     : No

Design Statistics
# IOs                              : 32

Cell Usage :
# BELS                             : 4690
#      GND                         : 1
#      INV                         : 374
#      LUT1                        : 585
#      LUT2                        : 508
#      LUT2_D                      : 1
#      LUT3                        : 96
#      LUT4                        : 423
#      LUT4_D                      : 1
#      LUT4_L                      : 4
#      MUXCY                       : 1759
#      MUXF5                       : 1
#      VCC                         : 1
#      XORCY                       : 936
# FlipFlops/Latches                : 332
#      FDE                         : 134
#      FDR                         : 132
#      FDR_1                       : 2
#      FDRE                        : 64
# Clock Buffers                    : 4
#      BUFG                        : 3
#      BUFGP                       : 1
# IO Buffers                       : 31
#      IBUF                        : 4
#      OBUF                        : 27
=========================================================================

Device utilization summary:
---------------------------

Selected Device : 3s500efg320-5 

 Number of Slices:                     1023  out of   4656    21%  
 Number of Slice Flip Flops:            332  out of   9312     3%  
 Number of 4 input LUTs:               1992  out of   9312    21%  
 Number of IOs:                          32
 Number of bonded IOBs:                  32  out of    232    13%  
 Number of GCLKs:                         4  out of     24    16%  

---------------------------
Partition Resource Summary:
---------------------------

  No Partitions were found in this design.

---------------------------


=========================================================================
TIMING REPORT

NOTE: THESE TIMING NUMBERS ARE ONLY A SYNTHESIS ESTIMATE.
      FOR ACCURATE TIMING INFORMATION PLEASE REFER TO THE TRACE REPORT
      GENERATED AFTER PLACE-and-ROUTE.

Clock Information:
------------------
-----------------------------------+------------------------+-------+
Clock Signal                       | Clock buffer(FF name)  | Load  |
-----------------------------------+------------------------+-------+
pxl_clk1                           | BUFG                   | 67    |
mechanics_signal1                  | BUFG                   | 230   |
hsync1                             | BUFG                   | 34    |
clk                                | BUFGP                  | 1     |
-----------------------------------+------------------------+-------+

Asynchronous Control Signals Information:
----------------------------------------
No asynchronous control signals found in this design

Timing Summary:
---------------
Speed Grade: -5

   Minimum period: 10.105ns (Maximum Frequency: 98.960MHz)
   Minimum input arrival time before clock: 6.836ns
   Maximum output required time after clock: 15.683ns
   Maximum combinational path delay: No path found

Timing Detail:
--------------
All values displayed in nanoseconds (ns)

=========================================================================
Timing constraint: Default period analysis for Clock 'pxl_clk1'
  Clock period: 6.172ns (frequency: 162.016MHz)
  Total number of paths / destination ports: 3092 / 131
-------------------------------------------------------------------------
Delay:               6.172ns (Levels of Logic = 11)
  Source:            xcnt_5 (FF)
  Destination:       xcnt_0 (FF)
  Source Clock:      pxl_clk1 rising
  Destination Clock: pxl_clk1 rising

  Data Path: xcnt_5 to xcnt_0
                                Gate     Net
    Cell:in->out      fanout   Delay   Delay  Logical Name (Net Name)
    ----------------------------------------  ------------
     FDR:C->Q             17   0.514   1.045  xcnt_5 (xcnt_5)
     LUT3:I0->O            1   0.612   0.000  Mcompar_xcnt_cmp_gt0000_lut<0> (Mcompar_xcnt_cmp_gt0000_lut<0>)
     MUXCY:S->O            1   0.404   0.000  Mcompar_xcnt_cmp_gt0000_cy<0> (Mcompar_xcnt_cmp_gt0000_cy<0>)
     MUXCY:CI->O           1   0.052   0.000  Mcompar_xcnt_cmp_gt0000_cy<1> (Mcompar_xcnt_cmp_gt0000_cy<1>)
     MUXCY:CI->O           1   0.052   0.000  Mcompar_xcnt_cmp_gt0000_cy<2> (Mcompar_xcnt_cmp_gt0000_cy<2>)
     MUXCY:CI->O           1   0.052   0.000  Mcompar_xcnt_cmp_gt0000_cy<3> (Mcompar_xcnt_cmp_gt0000_cy<3>)
     MUXCY:CI->O           1   0.052   0.000  Mcompar_xcnt_cmp_gt0000_cy<4> (Mcompar_xcnt_cmp_gt0000_cy<4>)
     MUXCY:CI->O           1   0.052   0.000  Mcompar_xcnt_cmp_gt0000_cy<5> (Mcompar_xcnt_cmp_gt0000_cy<5>)
     MUXCY:CI->O           1   0.052   0.000  Mcompar_xcnt_cmp_gt0000_cy<6> (Mcompar_xcnt_cmp_gt0000_cy<6>)
     MUXCY:CI->O           1   0.052   0.000  Mcompar_xcnt_cmp_gt0000_cy<7> (Mcompar_xcnt_cmp_gt0000_cy<7>)
     MUXCY:CI->O           1   0.399   0.357  Mcompar_xcnt_cmp_gt0000_cy<8> (Mcompar_xcnt_cmp_gt0000_cy<8>)
     INV:I->O             32   0.612   1.073  Mcompar_xcnt_cmp_gt0000_cy<8>_inv_INV_0 (xcnt_cmp_gt0000)
     FDR:R                     0.795          xcnt_0
    ----------------------------------------
    Total                      6.172ns (3.697ns logic, 2.475ns route)
                                       (59.9% logic, 40.1% route)

=========================================================================
Timing constraint: Default period analysis for Clock 'mechanics_signal1'
  Clock period: 10.105ns (frequency: 98.960MHz)
  Total number of paths / destination ports: 43391 / 524
-------------------------------------------------------------------------
Delay:               10.105ns (Levels of Logic = 37)
  Source:            p1_1 (FF)
  Destination:       direction_x (FF)
  Source Clock:      mechanics_signal1 rising
  Destination Clock: mechanics_signal1 rising

  Data Path: p1_1 to direction_x
                                Gate     Net
    Cell:in->out      fanout   Delay   Delay  Logical Name (Net Name)
    ----------------------------------------  ------------
     FDE:C->Q              6   0.514   0.721  p1_1 (p1_1)
     LUT1:I0->O            1   0.612   0.000  Madd_direction_x_add0002_cy<1>_rt (Madd_direction_x_add0002_cy<1>_rt)
     MUXCY:S->O            1   0.404   0.000  Madd_direction_x_add0002_cy<1> (Madd_direction_x_add0002_cy<1>)
     MUXCY:CI->O           1   0.051   0.000  Madd_direction_x_add0002_cy<2> (Madd_direction_x_add0002_cy<2>)
     MUXCY:CI->O           1   0.051   0.000  Madd_direction_x_add0002_cy<3> (Madd_direction_x_add0002_cy<3>)
     MUXCY:CI->O           1   0.051   0.000  Madd_direction_x_add0002_cy<4> (Madd_direction_x_add0002_cy<4>)
     MUXCY:CI->O           1   0.051   0.000  Madd_direction_x_add0002_cy<5> (Madd_direction_x_add0002_cy<5>)
     MUXCY:CI->O           1   0.051   0.000  Madd_direction_x_add0002_cy<6> (Madd_direction_x_add0002_cy<6>)
     MUXCY:CI->O           1   0.051   0.000  Madd_direction_x_add0002_cy<7> (Madd_direction_x_add0002_cy<7>)
     MUXCY:CI->O           1   0.051   0.000  Madd_direction_x_add0002_cy<8> (Madd_direction_x_add0002_cy<8>)
     MUXCY:CI->O           1   0.051   0.000  Madd_direction_x_add0002_cy<9> (Madd_direction_x_add0002_cy<9>)
     MUXCY:CI->O           1   0.051   0.000  Madd_direction_x_add0002_cy<10> (Madd_direction_x_add0002_cy<10>)
     MUXCY:CI->O           1   0.051   0.000  Madd_direction_x_add0002_cy<11> (Madd_direction_x_add0002_cy<11>)
     MUXCY:CI->O           1   0.051   0.000  Madd_direction_x_add0002_cy<12> (Madd_direction_x_add0002_cy<12>)
     MUXCY:CI->O           1   0.051   0.000  Madd_direction_x_add0002_cy<13> (Madd_direction_x_add0002_cy<13>)
     MUXCY:CI->O           1   0.051   0.000  Madd_direction_x_add0002_cy<14> (Madd_direction_x_add0002_cy<14>)
     MUXCY:CI->O           1   0.051   0.000  Madd_direction_x_add0002_cy<15> (Madd_direction_x_add0002_cy<15>)
     MUXCY:CI->O           1   0.051   0.000  Madd_direction_x_add0002_cy<16> (Madd_direction_x_add0002_cy<16>)
     MUXCY:CI->O           1   0.051   0.000  Madd_direction_x_add0002_cy<17> (Madd_direction_x_add0002_cy<17>)
     MUXCY:CI->O           1   0.051   0.000  Madd_direction_x_add0002_cy<18> (Madd_direction_x_add0002_cy<18>)
     MUXCY:CI->O           1   0.051   0.000  Madd_direction_x_add0002_cy<19> (Madd_direction_x_add0002_cy<19>)
     MUXCY:CI->O           1   0.051   0.000  Madd_direction_x_add0002_cy<20> (Madd_direction_x_add0002_cy<20>)
     MUXCY:CI->O           1   0.051   0.000  Madd_direction_x_add0002_cy<21> (Madd_direction_x_add0002_cy<21>)
     MUXCY:CI->O           1   0.051   0.000  Madd_direction_x_add0002_cy<22> (Madd_direction_x_add0002_cy<22>)
     MUXCY:CI->O           1   0.051   0.000  Madd_direction_x_add0002_cy<23> (Madd_direction_x_add0002_cy<23>)
     MUXCY:CI->O           1   0.051   0.000  Madd_direction_x_add0002_cy<24> (Madd_direction_x_add0002_cy<24>)
     MUXCY:CI->O           1   0.051   0.000  Madd_direction_x_add0002_cy<25> (Madd_direction_x_add0002_cy<25>)
     MUXCY:CI->O           1   0.051   0.000  Madd_direction_x_add0002_cy<26> (Madd_direction_x_add0002_cy<26>)
     MUXCY:CI->O           1   0.051   0.000  Madd_direction_x_add0002_cy<27> (Madd_direction_x_add0002_cy<27>)
     MUXCY:CI->O           1   0.051   0.000  Madd_direction_x_add0002_cy<28> (Madd_direction_x_add0002_cy<28>)
     MUXCY:CI->O           1   0.051   0.000  Madd_direction_x_add0002_cy<29> (Madd_direction_x_add0002_cy<29>)
     MUXCY:CI->O           0   0.051   0.000  Madd_direction_x_add0002_cy<30> (Madd_direction_x_add0002_cy<30>)
     XORCY:CI->O           1   0.699   0.426  Madd_direction_x_add0002_xor<31> (direction_x_add0002<31>)
     LUT2:I1->O            1   0.612   0.000  Mcompar_direction_x_cmp_ge0002_lut<31> (Mcompar_direction_x_cmp_ge0002_lut<31>)
     MUXCY:S->O            1   0.752   0.426  Mcompar_direction_x_cmp_ge0002_cy<31> (direction_x_cmp_ge0002)
     LUT4:I1->O            2   0.612   0.410  direction_x_not0001111 (N22)
     LUT4:I2->O            1   0.612   0.360  direction_x_not000169_SW0 (N6)
     LUT4:I3->O            1   0.612   0.357  direction_x_not000169 (direction_x_not0001)
     FDE:CE                    0.483          direction_x
    ----------------------------------------
    Total                     10.105ns (7.405ns logic, 2.700ns route)
                                       (73.3% logic, 26.7% route)

=========================================================================
Timing constraint: Default period analysis for Clock 'hsync1'
  Clock period: 6.423ns (frequency: 155.696MHz)
  Total number of paths / destination ports: 1677 / 66
-------------------------------------------------------------------------
Delay:               6.423ns (Levels of Logic = 14)
  Source:            ycnt_0 (FF)
  Destination:       ycnt_0 (FF)
  Source Clock:      hsync1 falling
  Destination Clock: hsync1 falling

  Data Path: ycnt_0 to ycnt_0
                                Gate     Net
    Cell:in->out      fanout   Delay   Delay  Logical Name (Net Name)
    ----------------------------------------  ------------
     FDR:C->Q             22   0.514   1.141  ycnt_0 (ycnt_0)
     LUT2:I0->O            1   0.612   0.000  Mcompar_ycnt_cmp_gt0000_lut<0> (Mcompar_ycnt_cmp_gt0000_lut<0>)
     MUXCY:S->O            1   0.404   0.000  Mcompar_ycnt_cmp_gt0000_cy<0> (Mcompar_ycnt_cmp_gt0000_cy<0>)
     MUXCY:CI->O           1   0.052   0.000  Mcompar_ycnt_cmp_gt0000_cy<1> (Mcompar_ycnt_cmp_gt0000_cy<1>)
     MUXCY:CI->O           1   0.052   0.000  Mcompar_ycnt_cmp_gt0000_cy<2> (Mcompar_ycnt_cmp_gt0000_cy<2>)
     MUXCY:CI->O           1   0.052   0.000  Mcompar_ycnt_cmp_gt0000_cy<3> (Mcompar_ycnt_cmp_gt0000_cy<3>)
     MUXCY:CI->O           1   0.052   0.000  Mcompar_ycnt_cmp_gt0000_cy<4> (Mcompar_ycnt_cmp_gt0000_cy<4>)
     MUXCY:CI->O           1   0.052   0.000  Mcompar_ycnt_cmp_gt0000_cy<5> (Mcompar_ycnt_cmp_gt0000_cy<5>)
     MUXCY:CI->O           1   0.052   0.000  Mcompar_ycnt_cmp_gt0000_cy<6> (Mcompar_ycnt_cmp_gt0000_cy<6>)
     MUXCY:CI->O           1   0.052   0.000  Mcompar_ycnt_cmp_gt0000_cy<7> (Mcompar_ycnt_cmp_gt0000_cy<7>)
     MUXCY:CI->O           1   0.052   0.000  Mcompar_ycnt_cmp_gt0000_cy<8> (Mcompar_ycnt_cmp_gt0000_cy<8>)
     MUXCY:CI->O           1   0.052   0.000  Mcompar_ycnt_cmp_gt0000_cy<9> (Mcompar_ycnt_cmp_gt0000_cy<9>)
     MUXCY:CI->O           1   0.052   0.000  Mcompar_ycnt_cmp_gt0000_cy<10> (Mcompar_ycnt_cmp_gt0000_cy<10>)
     MUXCY:CI->O           1   0.399   0.357  Mcompar_ycnt_cmp_gt0000_cy<11> (Mcompar_ycnt_cmp_gt0000_cy<11>)
     INV:I->O             32   0.612   1.073  Mcompar_ycnt_cmp_gt0000_cy<11>_inv_INV_0 (ycnt_cmp_gt0000)
     FDR:R                     0.795          ycnt_0
    ----------------------------------------
    Total                      6.423ns (3.852ns logic, 2.571ns route)
                                       (60.0% logic, 40.0% route)

=========================================================================
Timing constraint: Default period analysis for Clock 'clk'
  Clock period: 1.760ns (frequency: 568.069MHz)
  Total number of paths / destination ports: 1 / 1
-------------------------------------------------------------------------
Delay:               1.760ns (Levels of Logic = 0)
  Source:            pxl_clk (FF)
  Destination:       pxl_clk (FF)
  Source Clock:      clk rising
  Destination Clock: clk rising

  Data Path: pxl_clk to pxl_clk
                                Gate     Net
    Cell:in->out      fanout   Delay   Delay  Logical Name (Net Name)
    ----------------------------------------  ------------
     FDR:C->Q              3   0.514   0.451  pxl_clk (pxl_clk1)
     FDR:R                     0.795          pxl_clk
    ----------------------------------------
    Total                      1.760ns (1.309ns logic, 0.451ns route)
                                       (74.4% logic, 25.6% route)

=========================================================================
Timing constraint: Default OFFSET IN BEFORE for Clock 'mechanics_signal1'
  Total number of paths / destination ports: 2368 / 128
-------------------------------------------------------------------------
Offset:              6.836ns (Levels of Logic = 35)
  Source:            SW1 (PAD)
  Destination:       p1_31 (FF)
  Destination Clock: mechanics_signal1 rising

  Data Path: SW1 to p1_31
                                Gate     Net
    Cell:in->out      fanout   Delay   Delay  Logical Name (Net Name)
    ----------------------------------------  ------------
     IBUF:I->O            34   1.106   1.225  SW1_IBUF (SW1_IBUF)
     LUT2:I0->O            1   0.612   0.357  p1_mux00012 (p1_mux0001)
     MUXCY:CI->O           1   0.052   0.000  Maddsub_p1_addsub0000_cy<0> (Maddsub_p1_addsub0000_cy<0>)
     MUXCY:CI->O           1   0.052   0.000  Maddsub_p1_addsub0000_cy<1> (Maddsub_p1_addsub0000_cy<1>)
     MUXCY:CI->O           1   0.052   0.000  Maddsub_p1_addsub0000_cy<2> (Maddsub_p1_addsub0000_cy<2>)
     MUXCY:CI->O           1   0.052   0.000  Maddsub_p1_addsub0000_cy<3> (Maddsub_p1_addsub0000_cy<3>)
     MUXCY:CI->O           1   0.052   0.000  Maddsub_p1_addsub0000_cy<4> (Maddsub_p1_addsub0000_cy<4>)
     MUXCY:CI->O           1   0.052   0.000  Maddsub_p1_addsub0000_cy<5> (Maddsub_p1_addsub0000_cy<5>)
     MUXCY:CI->O           1   0.052   0.000  Maddsub_p1_addsub0000_cy<6> (Maddsub_p1_addsub0000_cy<6>)
     MUXCY:CI->O           1   0.052   0.000  Maddsub_p1_addsub0000_cy<7> (Maddsub_p1_addsub0000_cy<7>)
     MUXCY:CI->O           1   0.052   0.000  Maddsub_p1_addsub0000_cy<8> (Maddsub_p1_addsub0000_cy<8>)
     MUXCY:CI->O           1   0.052   0.000  Maddsub_p1_addsub0000_cy<9> (Maddsub_p1_addsub0000_cy<9>)
     MUXCY:CI->O           1   0.052   0.000  Maddsub_p1_addsub0000_cy<10> (Maddsub_p1_addsub0000_cy<10>)
     MUXCY:CI->O           1   0.052   0.000  Maddsub_p1_addsub0000_cy<11> (Maddsub_p1_addsub0000_cy<11>)
     MUXCY:CI->O           1   0.052   0.000  Maddsub_p1_addsub0000_cy<12> (Maddsub_p1_addsub0000_cy<12>)
     MUXCY:CI->O           1   0.052   0.000  Maddsub_p1_addsub0000_cy<13> (Maddsub_p1_addsub0000_cy<13>)
     MUXCY:CI->O           1   0.052   0.000  Maddsub_p1_addsub0000_cy<14> (Maddsub_p1_addsub0000_cy<14>)
     MUXCY:CI->O           1   0.052   0.000  Maddsub_p1_addsub0000_cy<15> (Maddsub_p1_addsub0000_cy<15>)
     MUXCY:CI->O           1   0.052   0.000  Maddsub_p1_addsub0000_cy<16> (Maddsub_p1_addsub0000_cy<16>)
     MUXCY:CI->O           1   0.052   0.000  Maddsub_p1_addsub0000_cy<17> (Maddsub_p1_addsub0000_cy<17>)
     MUXCY:CI->O           1   0.052   0.000  Maddsub_p1_addsub0000_cy<18> (Maddsub_p1_addsub0000_cy<18>)
     MUXCY:CI->O           1   0.052   0.000  Maddsub_p1_addsub0000_cy<19> (Maddsub_p1_addsub0000_cy<19>)
     MUXCY:CI->O           1   0.052   0.000  Maddsub_p1_addsub0000_cy<20> (Maddsub_p1_addsub0000_cy<20>)
     MUXCY:CI->O           1   0.052   0.000  Maddsub_p1_addsub0000_cy<21> (Maddsub_p1_addsub0000_cy<21>)
     MUXCY:CI->O           1   0.052   0.000  Maddsub_p1_addsub0000_cy<22> (Maddsub_p1_addsub0000_cy<22>)
     MUXCY:CI->O           1   0.052   0.000  Maddsub_p1_addsub0000_cy<23> (Maddsub_p1_addsub0000_cy<23>)
     MUXCY:CI->O           1   0.052   0.000  Maddsub_p1_addsub0000_cy<24> (Maddsub_p1_addsub0000_cy<24>)
     MUXCY:CI->O           1   0.052   0.000  Maddsub_p1_addsub0000_cy<25> (Maddsub_p1_addsub0000_cy<25>)
     MUXCY:CI->O           1   0.052   0.000  Maddsub_p1_addsub0000_cy<26> (Maddsub_p1_addsub0000_cy<26>)
     MUXCY:CI->O           1   0.052   0.000  Maddsub_p1_addsub0000_cy<27> (Maddsub_p1_addsub0000_cy<27>)
     MUXCY:CI->O           1   0.052   0.000  Maddsub_p1_addsub0000_cy<28> (Maddsub_p1_addsub0000_cy<28>)
     MUXCY:CI->O           1   0.052   0.000  Maddsub_p1_addsub0000_cy<29> (Maddsub_p1_addsub0000_cy<29>)
     MUXCY:CI->O           0   0.051   0.000  Maddsub_p1_addsub0000_cy<30> (Maddsub_p1_addsub0000_cy<30>)
     XORCY:CI->O           1   0.699   0.360  Maddsub_p1_addsub0000_xor<31> (p1_addsub0000<31>)
     LUT4:I3->O            1   0.612   0.000  p1_mux0000<0>1 (p1_mux0000<0>)
     FDE:D                     0.268          p1_31
    ----------------------------------------
    Total                      6.836ns (4.893ns logic, 1.942ns route)
                                       (71.6% logic, 28.4% route)

=========================================================================
Timing constraint: Default OFFSET OUT AFTER for Clock 'clk'
  Total number of paths / destination ports: 1 / 1
-------------------------------------------------------------------------
Offset:              4.134ns (Levels of Logic = 1)
  Source:            pxl_clk (FF)
  Destination:       DAC_CLK (PAD)
  Source Clock:      clk rising

  Data Path: pxl_clk to DAC_CLK
                                Gate     Net
    Cell:in->out      fanout   Delay   Delay  Logical Name (Net Name)
    ----------------------------------------  ------------
     FDR:C->Q              3   0.514   0.451  pxl_clk (pxl_clk1)
     OBUF:I->O                 3.169          DAC_CLK_OBUF (DAC_CLK)
    ----------------------------------------
    Total                      4.134ns (3.683ns logic, 0.451ns route)
                                       (89.1% logic, 10.9% route)

=========================================================================
Timing constraint: Default OFFSET OUT AFTER for Clock 'pxl_clk1'
  Total number of paths / destination ports: 12305 / 25
-------------------------------------------------------------------------
Offset:              13.445ns (Levels of Logic = 18)
  Source:            xcnt_5 (FF)
  Destination:       Gout<7> (PAD)
  Source Clock:      pxl_clk1 rising

  Data Path: xcnt_5 to Gout<7>
                                Gate     Net
    Cell:in->out      fanout   Delay   Delay  Logical Name (Net Name)
    ----------------------------------------  ------------
     FDR:C->Q             17   0.514   1.045  xcnt_5 (xcnt_5)
     LUT1:I0->O            1   0.612   0.000  Mcompar_hsync_cmp_lt0000_cy<2>_3_rt (Mcompar_hsync_cmp_lt0000_cy<2>_3_rt)
     MUXCY:S->O            1   0.404   0.000  Mcompar_hsync_cmp_lt0000_cy<2>_3 (Mcompar_hsync_cmp_lt0000_cy<2>4)
     MUXCY:CI->O           1   0.052   0.000  Mcompar_hsync_cmp_lt0000_cy<3>_3 (Mcompar_hsync_cmp_lt0000_cy<3>4)
     MUXCY:CI->O           1   0.052   0.000  Mcompar_hsync_cmp_lt0000_cy<4>_3 (Mcompar_hsync_cmp_lt0000_cy<4>4)
     MUXCY:CI->O           1   0.052   0.000  Mcompar_hsync_cmp_lt0000_cy<5>_3 (Mcompar_hsync_cmp_lt0000_cy<5>4)
     MUXCY:CI->O           1   0.052   0.000  Mcompar_hsync_cmp_lt0000_cy<6>_3 (Mcompar_hsync_cmp_lt0000_cy<6>4)
     MUXCY:CI->O           1   0.052   0.000  Mcompar_hsync_cmp_lt0000_cy<7>_3 (Mcompar_hsync_cmp_lt0000_cy<7>4)
     MUXCY:CI->O           1   0.052   0.000  Mcompar_hsync_cmp_lt0000_cy<8>_2 (Mcompar_hsync_cmp_lt0000_cy<8>3)
     MUXCY:CI->O           1   0.052   0.000  Mcompar_hsync_cmp_lt0000_cy<9>_2 (Mcompar_hsync_cmp_lt0000_cy<9>3)
     MUXCY:CI->O           1   0.052   0.000  Mcompar_hsync_cmp_lt0000_cy<10>_2 (Mcompar_hsync_cmp_lt0000_cy<10>3)
     MUXCY:CI->O           2   0.399   0.532  Mcompar_hsync_cmp_lt0000_cy<11>_1 (Mcompar_hsync_cmp_lt0000_cy<11>2)
     LUT4:I0->O            1   0.612   0.360  g46_SW0 (N14)
     LUT4:I3->O            1   0.612   0.360  g46_SW1 (N20)
     LUT4:I3->O            1   0.612   0.509  g46 (g46)
     LUT4:I0->O            1   0.612   0.387  g78 (g78)
     LUT4:I2->O            1   0.612   0.426  g178_SW0 (N10)
     LUT4:I1->O            8   0.612   0.643  g178 (Gout_0_OBUF)
     OBUF:I->O                 3.169          Gout_7_OBUF (Gout<7>)
    ----------------------------------------
    Total                     13.445ns (9.183ns logic, 4.263ns route)
                                       (68.3% logic, 31.7% route)

=========================================================================
Timing constraint: Default OFFSET OUT AFTER for Clock 'hsync1'
  Total number of paths / destination ports: 14649 / 25
-------------------------------------------------------------------------
Offset:              13.533ns (Levels of Logic = 18)
  Source:            ycnt_1 (FF)
  Destination:       Gout<7> (PAD)
  Source Clock:      hsync1 falling

  Data Path: ycnt_1 to Gout<7>
                                Gate     Net
    Cell:in->out      fanout   Delay   Delay  Logical Name (Net Name)
    ----------------------------------------  ------------
     FDR:C->Q             24   0.514   1.216  ycnt_1 (ycnt_1)
     LUT4:I0->O            1   0.612   0.000  Mcompar_vsync_cmp_lt0000_lut<1>2 (Mcompar_vsync_cmp_lt0000_lut<1>2)
     MUXCY:S->O            1   0.404   0.000  Mcompar_vsync_cmp_lt0000_cy<1>_1 (Mcompar_vsync_cmp_lt0000_cy<1>2)
     MUXCY:CI->O           1   0.052   0.000  Mcompar_vsync_cmp_lt0000_cy<2>_1 (Mcompar_vsync_cmp_lt0000_cy<2>2)
     MUXCY:CI->O           1   0.052   0.000  Mcompar_vsync_cmp_lt0000_cy<3>_1 (Mcompar_vsync_cmp_lt0000_cy<3>2)
     MUXCY:CI->O           1   0.052   0.000  Mcompar_vsync_cmp_lt0000_cy<4>_1 (Mcompar_vsync_cmp_lt0000_cy<4>2)
     MUXCY:CI->O           1   0.052   0.000  Mcompar_vsync_cmp_lt0000_cy<5>_1 (Mcompar_vsync_cmp_lt0000_cy<5>2)
     MUXCY:CI->O           1   0.052   0.000  Mcompar_vsync_cmp_lt0000_cy<6>_1 (Mcompar_vsync_cmp_lt0000_cy<6>2)
     MUXCY:CI->O           1   0.052   0.000  Mcompar_vsync_cmp_lt0000_cy<7>_1 (Mcompar_vsync_cmp_lt0000_cy<7>2)
     MUXCY:CI->O           1   0.052   0.000  Mcompar_vsync_cmp_lt0000_cy<8>_1 (Mcompar_vsync_cmp_lt0000_cy<8>2)
     MUXCY:CI->O           1   0.052   0.000  Mcompar_vsync_cmp_lt0000_cy<9>_1 (Mcompar_vsync_cmp_lt0000_cy<9>2)
     MUXCY:CI->O           2   0.399   0.449  Mcompar_vsync_cmp_lt0000_cy<10> (Mcompar_vsync_cmp_lt0000_cy<10>)
     LUT4:I1->O            1   0.612   0.360  g46_SW0 (N14)
     LUT4:I3->O            1   0.612   0.360  g46_SW1 (N20)
     LUT4:I3->O            1   0.612   0.509  g46 (g46)
     LUT4:I0->O            1   0.612   0.387  g78 (g78)
     LUT4:I2->O            1   0.612   0.426  g178_SW0 (N10)
     LUT4:I1->O            8   0.612   0.643  g178 (Gout_0_OBUF)
     OBUF:I->O                 3.169          Gout_7_OBUF (Gout<7>)
    ----------------------------------------
    Total                     13.533ns (9.182ns logic, 4.351ns route)
                                       (67.9% logic, 32.1% route)

=========================================================================
Timing constraint: Default OFFSET OUT AFTER for Clock 'mechanics_signal1'
  Total number of paths / destination ports: 2070864 / 24
-------------------------------------------------------------------------
Offset:              15.683ns (Levels of Logic = 39)
  Source:            ball_y_2 (FF)
  Destination:       Bout<7> (PAD)
  Source Clock:      mechanics_signal1 rising

  Data Path: ball_y_2 to Bout<7>
                                Gate     Net
    Cell:in->out      fanout   Delay   Delay  Logical Name (Net Name)
    ----------------------------------------  ------------
     FDE:C->Q             10   0.514   0.902  ball_y_2 (ball_y_2)
     LUT1:I0->O            1   0.612   0.000  Madd_b_add0001_cy<2>_rt (Madd_b_add0001_cy<2>_rt)
     MUXCY:S->O            1   0.404   0.000  Madd_b_add0001_cy<2> (Madd_b_add0001_cy<2>)
     MUXCY:CI->O           1   0.052   0.000  Madd_b_add0001_cy<3> (Madd_b_add0001_cy<3>)
     MUXCY:CI->O           1   0.052   0.000  Madd_b_add0001_cy<4> (Madd_b_add0001_cy<4>)
     MUXCY:CI->O           1   0.052   0.000  Madd_b_add0001_cy<5> (Madd_b_add0001_cy<5>)
     MUXCY:CI->O           1   0.052   0.000  Madd_b_add0001_cy<6> (Madd_b_add0001_cy<6>)
     MUXCY:CI->O           1   0.052   0.000  Madd_b_add0001_cy<7> (Madd_b_add0001_cy<7>)
     MUXCY:CI->O           1   0.052   0.000  Madd_b_add0001_cy<8> (Madd_b_add0001_cy<8>)
     MUXCY:CI->O           1   0.052   0.000  Madd_b_add0001_cy<9> (Madd_b_add0001_cy<9>)
     MUXCY:CI->O           1   0.052   0.000  Madd_b_add0001_cy<10> (Madd_b_add0001_cy<10>)
     MUXCY:CI->O           1   0.052   0.000  Madd_b_add0001_cy<11> (Madd_b_add0001_cy<11>)
     MUXCY:CI->O           1   0.052   0.000  Madd_b_add0001_cy<12> (Madd_b_add0001_cy<12>)
     MUXCY:CI->O           1   0.052   0.000  Madd_b_add0001_cy<13> (Madd_b_add0001_cy<13>)
     MUXCY:CI->O           1   0.052   0.000  Madd_b_add0001_cy<14> (Madd_b_add0001_cy<14>)
     MUXCY:CI->O           1   0.052   0.000  Madd_b_add0001_cy<15> (Madd_b_add0001_cy<15>)
     MUXCY:CI->O           1   0.052   0.000  Madd_b_add0001_cy<16> (Madd_b_add0001_cy<16>)
     MUXCY:CI->O           1   0.052   0.000  Madd_b_add0001_cy<17> (Madd_b_add0001_cy<17>)
     MUXCY:CI->O           1   0.052   0.000  Madd_b_add0001_cy<18> (Madd_b_add0001_cy<18>)
     MUXCY:CI->O           1   0.052   0.000  Madd_b_add0001_cy<19> (Madd_b_add0001_cy<19>)
     MUXCY:CI->O           1   0.052   0.000  Madd_b_add0001_cy<20> (Madd_b_add0001_cy<20>)
     MUXCY:CI->O           1   0.052   0.000  Madd_b_add0001_cy<21> (Madd_b_add0001_cy<21>)
     MUXCY:CI->O           1   0.052   0.000  Madd_b_add0001_cy<22> (Madd_b_add0001_cy<22>)
     MUXCY:CI->O           1   0.052   0.000  Madd_b_add0001_cy<23> (Madd_b_add0001_cy<23>)
     MUXCY:CI->O           1   0.052   0.000  Madd_b_add0001_cy<24> (Madd_b_add0001_cy<24>)
     MUXCY:CI->O           1   0.052   0.000  Madd_b_add0001_cy<25> (Madd_b_add0001_cy<25>)
     MUXCY:CI->O           1   0.052   0.000  Madd_b_add0001_cy<26> (Madd_b_add0001_cy<26>)
     MUXCY:CI->O           1   0.052   0.000  Madd_b_add0001_cy<27> (Madd_b_add0001_cy<27>)
     MUXCY:CI->O           1   0.052   0.000  Madd_b_add0001_cy<28> (Madd_b_add0001_cy<28>)
     MUXCY:CI->O           1   0.052   0.000  Madd_b_add0001_cy<29> (Madd_b_add0001_cy<29>)
     XORCY:CI->O           2   0.699   0.532  Madd_b_add0001_xor<30> (b_add0001<30>)
     LUT1:I0->O            1   0.612   0.000  Madd_r_add0003_cy<30>_rt (Madd_r_add0003_cy<30>_rt)
     MUXCY:S->O            0   0.404   0.000  Madd_r_add0003_cy<30> (Madd_r_add0003_cy<30>)
     XORCY:CI->O           1   0.699   0.426  Madd_r_add0003_xor<31> (r_add0003<31>)
     LUT2:I1->O            1   0.612   0.000  Mcompar_r_cmp_lt0005_lut<31> (Mcompar_r_cmp_lt0005_lut<31>)
     MUXCY:S->O            1   0.752   0.360  Mcompar_r_cmp_lt0005_cy<31> (Mcompar_r_cmp_lt0005_cy<31>)
     LUT4:I3->O            5   0.612   0.690  b11 (N02)
     LUT3:I0->O            1   0.612   0.426  b41 (b41)
     LUT4:I1->O            8   0.612   0.643  b59 (Bout_0_OBUF)
     OBUF:I->O                 3.169          Bout_7_OBUF (Bout<7>)
    ----------------------------------------
    Total                     15.683ns (11.703ns logic, 3.979ns route)
                                       (74.6% logic, 25.4% route)

=========================================================================


Total REAL time to Xst completion: 9.00 secs
Total CPU time to Xst completion: 8.80 secs
 
--> 


Total memory usage is 788252 kilobytes

Number of errors   :    0 (   0 filtered)
Number of warnings :    2 (   0 filtered)
Number of infos    :    1 (   0 filtered)

